c:\users\peter\documents\visual studio 2015\projects\cmdpromptrenderer\cmdpromptrenderer\debug\vc140.pdb
c:\users\peter\documents\visual studio 2015\projects\cmdpromptrenderer\cmdpromptrenderer\debug\vc140.idb
c:\users\peter\documents\visual studio 2015\projects\cmdpromptrenderer\cmdpromptrenderer\debug\camera.obj
c:\users\peter\documents\visual studio 2015\projects\cmdpromptrenderer\cmdpromptrenderer\debug\main.obj
c:\users\peter\documents\visual studio 2015\projects\cmdpromptrenderer\cmdpromptrenderer\debug\object.obj
c:\users\peter\documents\visual studio 2015\projects\cmdpromptrenderer\cmdpromptrenderer\debug\object_2d.obj
c:\users\peter\documents\visual studio 2015\projects\cmdpromptrenderer\cmdpromptrenderer\debug\object_quad.obj
c:\users\peter\documents\visual studio 2015\projects\cmdpromptrenderer\cmdpromptrenderer\debug\object_tri.obj
c:\users\peter\documents\visual studio 2015\projects\cmdpromptrenderer\cmdpromptrenderer\debug\pixel.obj
c:\users\peter\documents\visual studio 2015\projects\cmdpromptrenderer\cmdpromptrenderer\debug\renderer.obj
c:\users\peter\documents\visual studio 2015\projects\cmdpromptrenderer\cmdpromptrenderer\debug\screen.obj
c:\users\peter\documents\visual studio 2015\projects\cmdpromptrenderer\cmdpromptrenderer\debug\vector_3d.obj
c:\users\peter\documents\visual studio 2015\projects\cmdpromptrenderer\cmdpromptrenderer\debug\object_tri.obj.enc
c:\users\peter\documents\visual studio 2015\projects\cmdpromptrenderer\debug\cmdpromptrenderer.pdb
c:\users\peter\documents\visual studio 2015\projects\cmdpromptrenderer\debug\cmdpromptrenderer.exe
c:\users\peter\documents\visual studio 2015\projects\cmdpromptrenderer\debug\cmdpromptrenderer.ilk
c:\users\peter\documents\visual studio 2015\projects\cmdpromptrenderer\cmdpromptrenderer\debug\cmdpromp.451e83a9.tlog\cl.command.1.tlog
c:\users\peter\documents\visual studio 2015\projects\cmdpromptrenderer\cmdpromptrenderer\debug\cmdpromp.451e83a9.tlog\cl.read.1.tlog
c:\users\peter\documents\visual studio 2015\projects\cmdpromptrenderer\cmdpromptrenderer\debug\cmdpromp.451e83a9.tlog\cl.write.1.tlog
c:\users\peter\documents\visual studio 2015\projects\cmdpromptrenderer\cmdpromptrenderer\debug\cmdpromp.451e83a9.tlog\link.command.1.tlog
c:\users\peter\documents\visual studio 2015\projects\cmdpromptrenderer\cmdpromptrenderer\debug\cmdpromp.451e83a9.tlog\link.read.1.tlog
c:\users\peter\documents\visual studio 2015\projects\cmdpromptrenderer\cmdpromptrenderer\debug\cmdpromp.451e83a9.tlog\link.write.1.tlog
